ciclo 0
0
0
ciclo 1
0
0
ciclo 2
0
0
ciclo 3
0
0
ciclo 4
0
0
ciclo 5
0
0
ciclo 6
0
0
ciclo 7
0
0
ciclo 8
0
0
ciclo 9
0
0
ciclo 10
0
0
ciclo 11
0
0
ciclo 12
0
0
ciclo 13
0
0
ciclo 14
0
0
ciclo 15
0
0
ciclo 16
0
0
ciclo 17
0
0
ciclo 18
0
0
ciclo 19
0
0
ciclo 20
0
0
ciclo 21
0
0
ciclo 22
0
0
ciclo 23
0
0
ciclo 24
0
0
ciclo 25
0
0
ciclo 26
0
0
ciclo 27
0
0
ciclo 28
0
0
ciclo 29
0
0
ciclo 30
0
0
ciclo 31
0
0
ciclo 32
0
0
ciclo 33
0
0
ciclo 34
0
0
ciclo 35
0
0
ciclo 36
0
0
ciclo 37
0
0
ciclo 38
0
0
ciclo 39
0
0
ciclo 40
0
0
ciclo 41
0
0
ciclo 42
0
0
ciclo 43
0
0
ciclo 44
0
0
ciclo 45
0
0
ciclo 46
0
0
ciclo 47
0
0
ciclo 48
0
0
ciclo 49
0
0
ciclo 50
0
0
ciclo 51
0
0
ciclo 52
0
0
ciclo 53
0
0
ciclo 54
0
0
ciclo 55
0
0
ciclo 56
0
0
ciclo 57
0
0
ciclo 58
0
0
ciclo 59
0
0
ciclo 60
0
0
ciclo 61
0
0
ciclo 62
0
0
ciclo 63
0
0
ciclo 64
0
0
ciclo 65
0
0
ciclo 66
0
0
ciclo 67
0
0
ciclo 68
0
0
ciclo 69
0
0
ciclo 70
0
0
ciclo 71
0
0
ciclo 72
0
0
ciclo 73
0
0
ciclo 74
0
0
ciclo 75
0
0
ciclo 76
0
0
ciclo 77
0
0
ciclo 78
0
0
ciclo 79
0
0
ciclo 80
0
0
ciclo 81
0
0
ciclo 82
0
0
ciclo 83
0
0
ciclo 84
0
0
ciclo 85
0
0
ciclo 86
0
0
ciclo 87
0
0
ciclo 88
0
0
ciclo 89
0
0
ciclo 90
0
0
ciclo 91
0
0
ciclo 92
0
0
ciclo 93
0
0
ciclo 94
0
0
ciclo 95
0
0
ciclo 96
0
0
ciclo 97
0
0
ciclo 98
0
0
ciclo 99
0
0
ciclo 100
0
0
ciclo 101
0
0
ciclo 102
0
0
ciclo 103
0
0
ciclo 104
0
0
ciclo 105
0
0
ciclo 106
0
0
ciclo 107
0
0
ciclo 108
0
0
ciclo 109
0
0
ciclo 110
0
0
ciclo 111
0
0
ciclo 112
0
0
ciclo 113
0
0
ciclo 114
0
0
ciclo 115
0
0
ciclo 116
0
0
ciclo 117
0
0
ciclo 118
0
0
ciclo 119
0
0
ciclo 120
0
0
ciclo 121
0
0
ciclo 122
0
0
ciclo 123
0
0
ciclo 124
0
0
ciclo 125
0
0
ciclo 126
0
0
ciclo 127
0
0
ciclo 128
0
0
ciclo 129
0
0
ciclo 130
0
0
ciclo 131
0
0
ciclo 132
0
0
ciclo 133
0
0
ciclo 134
0
0
ciclo 135
0
0
ciclo 136
0
0
ciclo 137
0
0
ciclo 138
0
0
ciclo 139
0
0
ciclo 140
0
0
ciclo 141
0
0
