OK 0 163
OK 0 98
OK 0 405
OK 0 235
OK 0 212
OK 0 283
OK 0 312
OK 0 208
OK 0 507
OK 0 492
OK 0 159
OK 0 2
OK 0 120
OK 0 176
OK 0 450
OK 0 425
OK 0 358
OK 0 340
OK 0 375
OK 0 216
OK 0 367
OK 0 299
OK 0 430
OK 0 96
OK 0 13
OK 0 162
OK 0 461
OK 0 234
OK 0 273
OK 0 19
OK 0 57
OK 0 227
OK 0 83
OK 0 495
OK 0 359
OK 0 309
OK 0 50
OK 0 194
OK 0 100
OK 0 178
OK 0 181
OK 0 190
OK 0 276
OK 0 149
OK 0 126
OK 0 243
OK 0 54
OK 0 149
OK 0 286
OK 0 347
OK 0 206
OK 0 13
OK 0 105
OK 0 510
OK 0 375
OK 0 260
OK 0 206
OK 0 472
OK 0 232
OK 0 61
OK 0 223
OK 0 33
OK 0 484
OK 0 433
OK 0 127
OK 0 511
OK 0 159
OK 0 263
OK 0 7
OK 0 20
OK 0 149
OK 0 197
OK 0 373
OK 0 143
OK 0 209
OK 0 368
OK 0 179
OK 0 197
OK 0 235
OK 0 270
OK 0 231
OK 0 26
OK 0 409
OK 0 445
OK 0 132
OK 0 73
OK 0 450
OK 0 70
OK 0 402
OK 0 350
OK 0 213
OK 0 76
OK 0 433
OK 0 367
OK 0 197
OK 0 162
OK 0 486
OK 0 377
OK 0 61
OK 0 10
