OK 0 987
OK 0 878
OK 0 751
OK 0 813
OK 0 240
OK 0 716
OK 0 794
OK 0 297
OK 0 194
OK 0 182
OK 0 265
OK 0 683
OK 0 187
OK 0 34
OK 0 87
OK 0 39
OK 0 85
OK 0 371
OK 0 459
OK 0 594
OK 0 323
OK 0 93
OK 0 49
OK 0 715
OK 0 668
OK 0 710
OK 0 631
OK 0 866
OK 0 821
OK 0 387
OK 0 117
OK 0 139
OK 0 120
OK 0 628
OK 0 175
OK 0 933
OK 0 47
OK 0 179
OK 0 509
OK 0 348
OK 0 528
OK 0 594
OK 0 980
OK 0 139
OK 0 628
OK 0 590
OK 0 546
OK 0 150
OK 0 946
OK 0 878
OK 0 878
OK 0 716
OK 0 384
OK 0 187
OK 0 794
OK 0 760
OK 0 339
OK 0 419
OK 0 87
OK 0 901
OK 0 175
OK 0 199
OK 0 237
OK 0 240
OK 0 880
OK 0 785
OK 0 958
OK 0 844
OK 0 892
OK 0 117
OK 0 742
OK 0 459
OK 0 760
OK 0 631
OK 0 774
OK 0 719
OK 0 371
OK 0 668
OK 0 175
OK 0 120
OK 0 718
OK 0 892
OK 0 323
OK 0 958
OK 0 237
OK 0 500
OK 0 301
OK 0 785
OK 0 34
OK 0 501
OK 0 273
OK 0 240
OK 0 263
OK 0 194
OK 0 348
OK 0 120
OK 0 109
OK 0 194
OK 0 933
OK 0 235
OK 0 866
OK 0 912
OK 0 719
OK 0 821
OK 0 348
OK 0 374
OK 0 946
OK 0 194
OK 0 265
OK 0 774
OK 0 716
OK 0 912
OK 0 509
OK 0 815
OK 0 546
OK 0 86
OK 0 417
OK 0 670
OK 0 385
OK 0 794
OK 0 240
OK 0 876
OK 0 668
OK 0 844
OK 0 417
OK 0 742
OK 0 413
OK 0 504
OK 0 880
OK 0 797
OK 0 240
OK 0 235
OK 0 844
OK 0 501
OK 1 987
OK 0 93
OK 0 590
OK 0 461
OK 0 339
OK 0 240
OK 0 433
OK 0 235
OK 0 237
OK 0 901
OK 0 844
OK 0 648
OK 0 546
OK 0 419
OK 0 374
OK 0 901
OK 0 557
OK 0 670
OK 0 876
OK 0 629
OK 0 794
OK 0 716
OK 0 680
OK 0 943
OK 0 716
OK 0 528
OK 0 272
OK 0 467
OK 0 105
OK 0 303
OK 0 84
OK 0 648
OK 0 213
OK 0 93
OK 0 892
OK 0 980
OK 0 870
OK 0 794
OK 0 323
OK 0 876
OK 0 49
OK 0 594
OK 0 384
OK 0 417
OK 0 86
OK 0 20
OK 0 197
OK 0 32
OK 0 946
OK 0 85
OK 0 910
OK 0 821
OK 0 876
OK 0 516
OK 0 711
OK 0 807
OK 0 715
OK 0 240
OK 0 651
OK 0 807
OK 0 338
OK 0 941
OK 0 501
OK 0 665
OK 0 39
OK 0 546
OK 1 169
OK 0 670
OK 0 97
OK 0 711
OK 0 265
OK 0 937
OK 0 179
OK 0 504
OK 0 829
OK 0 521
OK 0 980
OK 0 82
OK 0 329
OK 0 566
OK 0 629
OK 0 909
OK 0 829
OK 0 961
OK 0 32
OK 0 428
OK 0 329
OK 0 683
OK 0 934
OK 0 680
OK 1 24
OK 0 313
OK 0 421
OK 0 954
OK 0 275
OK 0 719
OK 0 377
OK 0 421
OK 0 842
OK 0 65
OK 0 670
OK 0 443
OK 0 619
OK 0 1012
OK 0 917
OK 0 847
OK 0 150
OK 0 120
OK 0 433
OK 0 240
OK 0 443
OK 0 938
OK 0 648
OK 0 594
OK 0 937
OK 0 851
OK 0 323
OK 0 577
OK 0 187
OK 0 543
OK 0 718
OK 0 174
OK 0 1023
OK 0 338
OK 1 1019
OK 0 433
OK 0 20
OK 0 728
OK 0 826
OK 0 329
OK 0 179
OK 0 87
OK 0 2
OK 0 490
OK 0 648
OK 0 626
OK 0 751
OK 0 39
OK 0 668
OK 0 439
OK 0 797
OK 0 237
OK 0 516
OK 0 715
OK 0 872
OK 0 803
OK 0 975
OK 0 577
OK 0 760
OK 0 798
OK 0 85
OK 0 718
OK 0 367
OK 0 109
OK 0 12
OK 1 468
OK 0 711
OK 0 975
OK 0 452
OK 0 512
OK 0 699
OK 0 844
OK 0 842
OK 0 333
OK 0 273
OK 0 111
OK 0 384
OK 0 523
OK 0 215
OK 0 878
OK 0 237
OK 0 853
OK 0 966
OK 0 297
OK 0 240
OK 0 452
OK 0 644
OK 1 987
OK 0 670
OK 0 458
OK 0 237
OK 0 684
OK 0 86
OK 0 872
OK 0 20
OK 0 24
OK 0 876
OK 0 838
OK 0 792
OK 0 58
OK 0 934
OK 0 616
OK 0 391
OK 0 284
OK 0 946
OK 0 798
OK 0 1012
OK 0 259
OK 0 595
OK 0 879
OK 0 629
OK 0 981
OK 0 709
OK 0 572
OK 0 803
OK 0 826
OK 0 284
OK 0 644
OK 0 490
OK 0 668
OK 0 592
OK 0 194
OK 0 255
OK 0 99
OK 1 34
OK 0 156
OK 0 170
OK 0 879
OK 0 631
OK 0 1013
OK 1 413
OK 0 650
OK 0 320
OK 0 521
OK 0 452
OK 0 590
OK 0 457
OK 0 263
OK 0 629
OK 0 455
OK 0 55
OK 0 280
OK 0 205
OK 0 50
OK 0 69
OK 0 367
OK 0 715
OK 0 238
OK 0 93
OK 0 65
OK 0 523
OK 0 69
OK 0 699
OK 0 86
OK 0 1023
OK 0 433
OK 0 872
OK 0 668
OK 0 87
OK 0 975
OK 0 377
OK 0 428
OK 0 259
OK 0 521
OK 0 419
OK 0 194
OK 0 139
OK 0 566
OK 0 338
OK 0 109
OK 1 363
OK 0 516
OK 0 774
OK 0 901
OK 0 512
OK 0 516
