OK 0 635
FAIL
OK 0 1350
FAIL
OK 0 398
OK 0 467
OK 0 644
FAIL
OK 0 1576
FAIL
FAIL
OK 0 623
FAIL
OK 0 691
OK 0 1514
FAIL
OK 0 1674
OK 0 1522
FAIL
OK 0 1784
OK 0 411
OK 0 55
FAIL
OK 0 546
OK 0 52
FAIL
FAIL
FAIL
FAIL
OK 0 809
OK 0 1260
FAIL
OK 0 210
FAIL
FAIL
OK 0 676
FAIL
FAIL
OK 0 45
FAIL
OK 0 1262
FAIL
OK 0 1021
OK 0 129
OK 0 398
FAIL
OK 0 965
OK 0 492
OK 0 673
FAIL
FAIL
OK 0 1468
FAIL
FAIL
FAIL
FAIL
OK 0 1686
OK 0 1756
OK 0 537
OK 0 1644
FAIL
OK 0 635
FAIL
OK 0 623
OK 0 843
OK 0 152
OK 0 644
OK 0 1576
OK 0 2043
FAIL
FAIL
FAIL
OK 0 161
FAIL
FAIL
OK 0 161
FAIL
OK 0 129
OK 0 707
FAIL
OK 0 1242
OK 0 1154
FAIL
OK 0 210
FAIL
FAIL
FAIL
OK 0 161
OK 0 20
FAIL
OK 0 1901
FAIL
OK 0 171
OK 0 1784
OK 0 1887
OK 0 1664
FAIL
OK 0 1154
OK 0 2043
FAIL
OK 0 1644
FAIL
OK 0 932
FAIL
FAIL
FAIL
OK 0 1242
FAIL
FAIL
FAIL
OK 0 455
FAIL
OK 0 1090
FAIL
OK 0 1154
FAIL
FAIL
OK 0 20
OK 0 813
FAIL
OK 0 222
FAIL
FAIL
FAIL
OK 0 932
FAIL
OK 0 1831
FAIL
FAIL
FAIL
OK 0 1177
FAIL
OK 0 857
FAIL
FAIL
FAIL
FAIL
FAIL
OK 0 1090
OK 0 2022
OK 0 398
FAIL
FAIL
OK 0 889
OK 0 814
OK 0 1353
OK 0 222
FAIL
OK 0 1674
OK 0 45
FAIL
FAIL
FAIL
FAIL
OK 0 1522
FAIL
OK 0 1468
FAIL
FAIL
FAIL
FAIL
FAIL
OK 0 263
FAIL
OK 0 1468
FAIL
FAIL
FAIL
OK 0 1886
OK 0 492
FAIL
OK 0 204
FAIL
FAIL
FAIL
FAIL
FAIL
OK 0 204
OK 0 171
FAIL
FAIL
FAIL
FAIL
FAIL
OK 0 635
FAIL
OK 0 889
OK 0 1522
FAIL
FAIL
OK 0 268
OK 0 1784
FAIL
OK 0 977
OK 0 1262
OK 0 268
FAIL
FAIL
OK 0 1415
OK 0 45
FAIL
OK 0 161
FAIL
OK 0 481
OK 0 1260
OK 0 1540
OK 0 889
FAIL
FAIL
FAIL
FAIL
OK 0 1644
FAIL
FAIL
FAIL
OK 0 457
FAIL
OK 0 666
OK 0 2022
OK 0 965
FAIL
FAIL
OK 0 1690
OK 0 45
OK 0 1576
FAIL
FAIL
FAIL
OK 0 1353
OK 0 977
OK 0 814
FAIL
FAIL
OK 0 94
OK 0 398
FAIL
OK 0 2043
OK 0 1355
FAIL
OK 0 676
FAIL
OK 0 1468
FAIL
FAIL
FAIL
FAIL
FAIL
FAIL
FAIL
FAIL
OK 0 1474
FAIL
FAIL
OK 0 642
OK 0 171
FAIL
FAIL
FAIL
OK 0 977
FAIL
FAIL
OK 0 52
OK 0 619
OK 0 1402
FAIL
OK 0 1614
FAIL
FAIL
OK 0 689
OK 0 1185
FAIL
OK 0 744
FAIL
FAIL
OK 0 619
OK 0 1540
OK 0 612
FAIL
FAIL
FAIL
OK 0 1674
OK 0 1469
OK 0 480
OK 0 1756
OK 0 1644
OK 0 1092
FAIL
OK 0 1792
OK 0 1919
OK 0 1242
FAIL
FAIL
FAIL
OK 1 1162
FAIL
FAIL
OK 0 2039
OK 0 106
OK 0 263
FAIL
OK 0 813
OK 0 854
FAIL
OK 0 1402
OK 0 2043
OK 0 471
OK 0 45
FAIL
OK 0 579
OK 0 1177
FAIL
FAIL
FAIL
OK 0 471
OK 0 1415
OK 0 1767
FAIL
FAIL
FAIL
OK 0 2039
FAIL
OK 0 52
OK 0 1756
FAIL
FAIL
OK 0 457
FAIL
OK 0 305
FAIL
FAIL
OK 0 1591
FAIL
OK 0 1130
FAIL
FAIL
FAIL
OK 0 1220
OK 0 55
FAIL
OK 0 1902
OK 0 977
OK 0 307
FAIL
OK 0 1711
FAIL
OK 0 45
FAIL
OK 0 1686
OK 0 204
OK 0 843
FAIL
FAIL
OK 0 1514
OK 0 600
OK 0 1353
OK 0 623
OK 0 4
OK 0 744
FAIL
OK 0 457
OK 0 579
OK 0 160
FAIL
FAIL
FAIL
FAIL
OK 0 297
FAIL
OK 0 778
FAIL
FAIL
FAIL
OK 0 546
OK 0 1042
FAIL
OK 0 455
OK 0 1903
FAIL
FAIL
FAIL
FAIL
FAIL
FAIL
FAIL
OK 0 1278
OK 0 189
OK 0 753
OK 0 404
OK 0 87
FAIL
FAIL
OK 0 263
FAIL
OK 0 772
OK 0 1154
OK 1 1379
OK 0 466
OK 0 169
FAIL
FAIL
OK 1 1379
FAIL
OK 0 1739
FAIL
FAIL
FAIL
FAIL
FAIL
FAIL
FAIL
FAIL
OK 0 814
OK 0 204
FAIL
OK 0 210
FAIL
FAIL
FAIL
FAIL
OK 0 934
OK 0 1111
FAIL
OK 0 1554
OK 0 612
OK 0 770
OK 0 397
FAIL
FAIL
OK 0 826
FAIL
FAIL
FAIL
FAIL
OK 0 1454
FAIL
FAIL
OK 0 838
FAIL
OK 0 519
FAIL
OK 0 1209
OK 0 215
FAIL
FAIL
FAIL
OK 0 106
FAIL
FAIL
OK 1 1072
OK 0 1315
FAIL
FAIL
OK 0 1060
OK 0 1521
FAIL
OK 0 1315
OK 0 918
OK 0 1901
FAIL
OK 0 1886
OK 0 1996
FAIL
FAIL
FAIL
FAIL
OK 0 1880
OK 0 1540
OK 0 1130
FAIL
OK 0 1813
FAIL
FAIL
OK 0 1254
OK 0 337
FAIL
FAIL
FAIL
FAIL
FAIL
OK 0 1578
OK 0 1337
OK 0 20
FAIL
FAIL
OK 0 1478
OK 0 263
OK 0 1539
OK 0 1439
FAIL
FAIL
OK 0 185
OK 0 1366
FAIL
FAIL
OK 0 2039
OK 0 45
FAIL
OK 0 891
OK 0 1539
OK 0 595
FAIL
OK 0 1540
OK 0 901
OK 0 1262
FAIL
OK 0 161
OK 0 1674
OK 0 519
OK 0 94
OK 0 52
OK 0 45
FAIL
OK 0 519
FAIL
OK 0 1644
FAIL
FAIL
OK 0 1042
OK 1 1403
OK 0 619
FAIL
OK 0 2039
OK 0 644
FAIL
OK 0 169
FAIL
FAIL
OK 0 644
OK 0 579
FAIL
FAIL
OK 0 1315
OK 0 215
OK 0 809
FAIL
OK 1 1326
FAIL
OK 0 519
FAIL
OK 0 1644
OK 0 1711
FAIL
FAIL
FAIL
FAIL
OK 0 1337
OK 1 1326
OK 0 1831
OK 0 297
FAIL
OK 0 263
OK 0 1690
OK 0 4
FAIL
FAIL
FAIL
FAIL
OK 0 635
FAIL
FAIL
FAIL
FAIL
OK 0 814
FAIL
OK 0 977
FAIL
OK 0 1813
FAIL
FAIL
FAIL
OK 0 1739
FAIL
FAIL
FAIL
OK 0 297
OK 0 2043
OK 1 1072
OK 0 297
OK 1 86
OK 0 1644
OK 0 623
OK 0 1792
FAIL
OK 0 579
FAIL
FAIL
FAIL
OK 0 1578
FAIL
FAIL
OK 1 1326
OK 0 1090
FAIL
OK 0 398
OK 0 189
FAIL
OK 0 1887
FAIL
FAIL
FAIL
