OK 0 9
OK 0 8
OK 0 1
OK 0 13
OK 0 9
OK 0 6
OK 0 0
OK 0 4
OK 0 15
OK 0 0
OK 0 11
OK 0 1
OK 0 15
OK 0 0
OK 0 9
OK 0 7
OK 0 23
OK 0 12
OK 0 0
OK 0 52
OK 0 34
OK 0 17
OK 0 50
OK 0 49
OK 0 47
OK 0 39
OK 0 24
OK 0 42
OK 0 42
OK 0 30
OK 0 21
OK 0 33
OK 0 55
OK 0 4
OK 0 9
OK 0 38
OK 0 32
OK 0 57
OK 0 16
OK 0 49
OK 0 57
OK 0 0
OK 0 38
OK 0 21
OK 0 54
OK 0 47
OK 0 30
OK 0 12
OK 0 17
OK 0 16
OK 0 28
OK 0 11
OK 0 42
OK 0 38
OK 0 1
OK 0 101
OK 0 64
OK 0 41
OK 0 89
OK 0 82
OK 0 3
OK 0 11
OK 0 99
OK 0 47
OK 0 83
OK 0 58
OK 0 96
OK 0 113
OK 0 85
OK 0 38
OK 0 0
OK 0 6
OK 0 27
OK 0 64
OK 0 19
OK 0 113
OK 0 41
OK 0 67
OK 0 76
OK 0 125
OK 0 91
OK 0 15
OK 0 60
OK 0 111
OK 0 81
OK 0 97
OK 0 69
OK 0 113
OK 0 67
OK 0 105
OK 0 41
OK 0 14
OK 0 14
OK 0 88
OK 0 39
OK 0 6
OK 0 110
OK 0 4
OK 0 52
OK 0 88
