OK 0 11
OK 0 12
FAIL
OK 0 3
FAIL
OK 0 10
FAIL
FAIL
OK 0 11
FAIL
FAIL
OK 0 0
FAIL
OK 0 1
FAIL
FAIL
FAIL
FAIL
FAIL
OK 0 4
OK 0 7
FAIL
FAIL
OK 0 11
OK 0 3
OK 0 16
OK 0 18
FAIL
OK 0 3
OK 0 3
FAIL
OK 0 22
OK 0 29
OK 0 22
FAIL
FAIL
FAIL
FAIL
OK 0 20
OK 0 10
FAIL
FAIL
FAIL
OK 0 11
OK 0 15
FAIL
FAIL
OK 0 20
OK 0 31
OK 0 25
OK 0 5
OK 0 30
OK 0 34
FAIL
OK 0 44
FAIL
OK 0 42
OK 0 45
FAIL
OK 0 35
OK 0 37
FAIL
FAIL
OK 0 15
OK 0 22
OK 0 48
OK 0 23
OK 0 25
FAIL
OK 0 34
FAIL
OK 0 16
FAIL
OK 0 48
OK 0 56
OK 0 60
FAIL
OK 0 75
FAIL
FAIL
FAIL
FAIL
FAIL
OK 0 72
OK 0 58
FAIL
FAIL
OK 0 97
OK 0 96
OK 0 114
FAIL
FAIL
FAIL
FAIL
OK 0 26
FAIL
FAIL
FAIL
FAIL
OK 0 51
OK 0 103
FAIL
OK 0 94
FAIL
FAIL
FAIL
OK 0 75
OK 0 96
OK 0 112
FAIL
OK 0 76
FAIL
FAIL
OK 0 66
FAIL
FAIL
OK 0 110
OK 0 28
OK 0 126
FAIL
FAIL
OK 0 99
OK 0 14
OK 0 99
OK 0 91
FAIL
FAIL
OK 1 117
FAIL
FAIL
FAIL
OK 0 67
OK 0 35
OK 0 75
OK 1 9
FAIL
OK 0 76
FAIL
OK 0 41
OK 0 24
OK 0 33
OK 0 38
OK 0 96
OK 0 33
FAIL
OK 0 80
OK 0 103
OK 0 87
OK 0 16
FAIL
FAIL
OK 1 118
OK 0 10
FAIL
OK 0 35
FAIL
FAIL
OK 0 61
OK 0 114
OK 0 8
FAIL
OK 0 118
FAIL
OK 0 97
FAIL
FAIL
OK 0 77
FAIL
OK 0 99
FAIL
OK 0 87
OK 0 66
OK 0 80
OK 0 26
FAIL
OK 0 24
OK 0 11
OK 0 114
FAIL
OK 0 66
OK 0 35
OK 0 118
OK 0 12
FAIL
FAIL
OK 1 84
OK 0 109
OK 0 19
FAIL
FAIL
OK 0 61
FAIL
FAIL
FAIL
FAIL
FAIL
FAIL
FAIL
FAIL
OK 0 61
FAIL
FAIL
FAIL
OK 0 22
FAIL
FAIL
OK 0 97
FAIL
OK 0 54
FAIL
FAIL
FAIL
FAIL
OK 0 89
FAIL
OK 1 91
OK 0 46
FAIL
FAIL
FAIL
OK 0 121
FAIL
FAIL
FAIL
OK 0 28
FAIL
OK 0 117
OK 1 83
FAIL
OK 0 16
FAIL
OK 0 42
FAIL
OK 0 61
OK 0 76
FAIL
FAIL
FAIL
OK 0 110
OK 0 139
OK 0 110
FAIL
OK 0 183
FAIL
OK 0 181
FAIL
FAIL
FAIL
OK 0 133
FAIL
OK 0 152
OK 0 93
FAIL
OK 0 209
FAIL
OK 1 235
FAIL
OK 0 167
FAIL
FAIL
FAIL
FAIL
FAIL
OK 0 219
FAIL
OK 0 96
OK 0 22
FAIL
FAIL
FAIL
FAIL
FAIL
OK 0 198
OK 0 253
OK 0 162
OK 0 220
OK 0 198
OK 0 210
OK 0 142
OK 0 191
FAIL
OK 0 23
OK 0 145
OK 0 49
OK 0 52
OK 0 210
FAIL
OK 0 142
OK 0 191
FAIL
FAIL
OK 0 195
FAIL
FAIL
OK 0 224
FAIL
FAIL
FAIL
FAIL
FAIL
OK 0 18
OK 0 77
OK 0 201
OK 0 181
OK 0 185
FAIL
FAIL
FAIL
FAIL
FAIL
OK 1 46
FAIL
FAIL
OK 0 78
OK 0 27
OK 0 207
FAIL
OK 0 246
OK 0 45
FAIL
OK 0 90
OK 0 65
OK 0 29
OK 0 245
FAIL
OK 0 27
FAIL
OK 0 182
OK 0 136
OK 0 132
OK 0 187
OK 0 45
OK 0 187
OK 0 228
OK 0 209
FAIL
OK 0 70
FAIL
FAIL
OK 0 18
OK 0 213
OK 0 253
OK 0 231
OK 0 39
OK 0 33
OK 0 78
OK 0 60
OK 0 102
FAIL
OK 0 176
OK 0 146
FAIL
FAIL
FAIL
OK 0 164
OK 0 140
FAIL
FAIL
FAIL
OK 0 59
FAIL
OK 0 19
FAIL
OK 0 187
OK 0 174
FAIL
FAIL
OK 0 173
FAIL
FAIL
FAIL
OK 0 75
FAIL
OK 0 186
FAIL
FAIL
OK 1 219
FAIL
FAIL
OK 0 48
OK 0 167
FAIL
OK 0 175
FAIL
OK 0 150
FAIL
FAIL
FAIL
OK 0 180
FAIL
FAIL
OK 0 12
FAIL
OK 1 139
OK 0 53
OK 0 79
FAIL
FAIL
FAIL
OK 0 79
FAIL
OK 0 183
FAIL
OK 0 243
OK 0 76
FAIL
FAIL
FAIL
FAIL
OK 0 18
OK 0 43
FAIL
OK 0 186
OK 0 174
OK 0 231
OK 0 237
FAIL
OK 0 77
FAIL
OK 0 181
FAIL
OK 0 182
OK 0 201
FAIL
FAIL
FAIL
FAIL
OK 0 233
OK 0 183
OK 0 16
OK 0 184
OK 0 207
OK 0 66
FAIL
FAIL
OK 0 12
OK 0 155
OK 0 176
FAIL
FAIL
FAIL
OK 0 242
OK 0 76
OK 0 162
FAIL
FAIL
OK 0 194
FAIL
FAIL
OK 0 27
OK 0 70
FAIL
FAIL
FAIL
OK 0 66
OK 1 144
FAIL
FAIL
FAIL
FAIL
OK 0 13
FAIL
OK 0 10
FAIL
FAIL
OK 0 82
OK 0 66
OK 0 220
FAIL
OK 0 111
FAIL
FAIL
FAIL
FAIL
OK 0 184
FAIL
OK 0 43
OK 0 104
OK 0 167
OK 0 223
FAIL
FAIL
OK 0 153
FAIL
OK 0 238
OK 0 55
OK 0 102
FAIL
OK 0 152
OK 0 116
OK 0 18
OK 0 191
FAIL
FAIL
OK 0 238
FAIL
OK 0 193
FAIL
FAIL
OK 0 76
FAIL
FAIL
OK 0 79
FAIL
FAIL
OK 0 239
FAIL
OK 0 27
FAIL
OK 0 185
OK 0 60
FAIL
OK 1 176
FAIL
FAIL
OK 0 200
FAIL
FAIL
FAIL
OK 0 240
FAIL
FAIL
OK 0 144
OK 0 229
OK 0 89
OK 0 193
OK 0 38
OK 0 171
OK 0 229
FAIL
OK 0 48
OK 0 196
OK 1 199
OK 0 47
FAIL
OK 1 149
OK 0 21
FAIL
OK 0 146
FAIL
OK 0 55
OK 0 18
FAIL
OK 0 176
FAIL
OK 0 167
FAIL
FAIL
FAIL
OK 0 49
FAIL
FAIL
FAIL
FAIL
FAIL
FAIL
FAIL
FAIL
FAIL
FAIL
OK 0 238
OK 1 220
FAIL
OK 0 90
OK 1 116
FAIL
OK 0 195
OK 0 121
OK 0 12
FAIL
FAIL
FAIL
FAIL
FAIL
FAIL
OK 1 208
FAIL
OK 0 79
FAIL
OK 1 250
OK 0 213
FAIL
FAIL
OK 1 169
FAIL
OK 0 162
FAIL
FAIL
FAIL
FAIL
OK 1 108
FAIL
FAIL
FAIL
OK 0 48
FAIL
OK 0 143
FAIL
OK 0 246
OK 0 209
