ciclo 0
0
Na espera:
0. 904487
1. 300049
2. 629553
3. 795448
4. 428017
5. 381627
6. 513189
7. 567616
8. 983867
9. 307065
10. 510816
11. 146018
12. 515109
13. 838719
14. 123360
15. 982306
16. 600318
17. 332476
18. 675014
19. 626553
20
15
ciclo 1
0
Na espera:
0
0
ciclo 2
0
Na espera:
0
0
ciclo 3
0
Na espera:
0
0
ciclo 4
15
Na espera:
0
15
ciclo 5
0
Na espera:
0
0
ciclo 6
0
Na espera:
0
0
ciclo 7
0
Na espera:
0
0
ciclo 8
428017 8
600318 4
13
Na espera:
0
15
ciclo 9
0
Na espera:
0
0
ciclo 10
0
Na espera:
0
0
ciclo 11
0
Na espera:
0
0
ciclo 12
15
Na espera:
0
15
ciclo 13
0
Na espera:
0
0
ciclo 14
0
Na espera:
0
0
ciclo 15
0
Na espera:
0
0
ciclo 16
15
Na espera:
0
15
ciclo 17
0
Na espera:
0. 611983
1
0
ciclo 18
0
Na espera:
0
0
ciclo 19
0
Na espera:
0
0
ciclo 20
123360 16
626553 16
13
Na espera:
0
15
ciclo 21
0
Na espera:
0. 336780
1
0
ciclo 22
983867 18
838719 18
0
Na espera:
0. 228617
1
2
ciclo 23
510816 19
0
Na espera:
0
1
ciclo 24
12
Na espera:
0
12
ciclo 25
0
Na espera:
0
0
ciclo 26
2
Na espera:
0
2
ciclo 27
1
Na espera:
0
1
ciclo 28
12
Na espera:
0
12
ciclo 29
513189 25
0
Na espera:
0. 915425
1
1
ciclo 30
2
Na espera:
0
2
ciclo 31
1
Na espera:
0
1
ciclo 32
11
Na espera:
0. 334443
1
11
ciclo 33
1
Na espera:
0
1
ciclo 34
2
Na espera:
0
2
ciclo 35
1
Na espera:
0. 755358
1
1
ciclo 36
11
Na espera:
0
11
ciclo 37
1
Na espera:
0. 464597
1
1
ciclo 38
2
Na espera:
0
2
ciclo 39
332476 31
904487 35
300049 35
1
Na espera:
0. 500342
1
4
ciclo 40
8
Na espera:
0. 772905
1
8
ciclo 41
1
Na espera:
0. 125988
1
1
ciclo 42
2
Na espera:
0
2
ciclo 43
4
Na espera:
0
4
ciclo 44
8
Na espera:
0
8
ciclo 45
1
Na espera:
0
1
ciclo 46
2
Na espera:
0
2
ciclo 47
982306 39
4
Na espera:
0
5
ciclo 48
7
Na espera:
0
7
ciclo 49
629553 42
1
Na espera:
0
2
ciclo 50
2
Na espera:
0. 493174
1
2
ciclo 51
4
Na espera:
0
4
ciclo 52
567616 44
6
Na espera:
0
7
ciclo 53
2
Na espera:
0
2
ciclo 54
2
Na espera:
0
2
ciclo 55
4
Na espera:
0
4
ciclo 56
7
Na espera:
0
7
ciclo 57
611983 33
2
Na espera:
0. 345245
1
3
ciclo 58
2
Na espera:
0
2
ciclo 59
4
Na espera:
0
4
ciclo 60
6
Na espera:
0. 172597
1
6
ciclo 61
3
Na espera:
0. 183420
1. 196761
2. 827578
3
3
ciclo 62
2
Na espera:
0
2
ciclo 63
307065 54
772905 19
4
Na espera:
0. 757049
1
6
ciclo 64
5
Na espera:
0
5
ciclo 65
334443 26
2
Na espera:
0
3
ciclo 66
500342 22
2
Na espera:
0
3
ciclo 67
515109 56
4
Na espera:
0
5
ciclo 68
183420 5
4
Na espera:
0
5
ciclo 69
3
Na espera:
0. 866134
1
3
ciclo 70
3
Na espera:
0. 389989
1
3
ciclo 71
4
Na espera:
0
4
ciclo 72
5
Na espera:
0
5
ciclo 73
493174 19
3
Na espera:
0
4
ciclo 74
2
Na espera:
0. 592954
1
2
ciclo 75
675014 62
757049 10
4
Na espera:
0
6
ciclo 76
336780 46
228617 46
5
Na espera:
0
6
ciclo 77
2
Na espera:
0. 121149
1
3
ciclo 78
0
Na espera:
0
0
ciclo 79
6
Na espera:
0
6
ciclo 80
6
Na espera:
0. 960736
1
6
ciclo 81
3
Na espera:
0
3
ciclo 82
172597 18
0
Na espera:
0
1
ciclo 83
6
Na espera:
0
6
ciclo 84
389989 13
5
Na espera:
0
5
ciclo 85
3
Na espera:
0
3
ciclo 86
1
Na espera:
0
1
ciclo 87
5
Na espera:
0
5
ciclo 88
5
Na espera:
0
5
ciclo 89
3
Na espera:
0
3
ciclo 90
915425 53
1
Na espera:
0. 167874
1. 547656
2
3
ciclo 91
5
Na espera:
0
5
ciclo 92
5
Na espera:
0
5
ciclo 93
167874 3
121149 15
2
Na espera:
0
2
ciclo 94
1
Na espera:
0. 668430
1
2
ciclo 95
146018 83
5
Na espera:
0
5
ciclo 96
4
Na espera:
0
4
ciclo 97
2
Na espera:
0. 752876
1. 483881
2
4
ciclo 98
2
Na espera:
0
2
ciclo 99
125988 52
381627 88
3
Na espera:
0
3
ciclo 100
4
Na espera:
0
4
ciclo 101
483881 4
3
Na espera:
0. 536122
1
4
ciclo 102
196761 38
2
Na espera:
0. 302037
1
3
ciclo 103
752876 6
3
Na espera:
0
3
ciclo 104
302037 2
3
Na espera:
0. 515199
1
4
ciclo 105
755358 64
2
Na espera:
0
2
ciclo 106
2
Na espera:
0
2
ciclo 107
3
Na espera:
0. 337889
1. 684862
2
5
ciclo 108
515199 4
3
Na espera:
0. 592545
1. 356308
2
5
ciclo 109
2
Na espera:
0. 278178
1. 886538
2
3
ciclo 110
668430 16
1
Na espera:
0
2
ciclo 111
5
Na espera:
0
5
ciclo 112
547656 22
827578 48
4
Na espera:
0
4
ciclo 113
3
Na espera:
0
3
ciclo 114
1
Na espera:
0. 254111
1. 247469
2
3
ciclo 115
254111 1
5
Na espera:
0. 523820
1. 328572
2
6
ciclo 116
4
Na espera:
0
4
ciclo 117
3
Na espera:
0
3
ciclo 118
2
Na espera:
0
2
ciclo 119
6
Na espera:
0
6
ciclo 120
960736 39
4
Na espera:
0
5
ciclo 121
2
Na espera:
0
2
ciclo 122
2
Na espera:
0. 725603
1
2
ciclo 123
6
Na espera:
0
6
ciclo 124
5
Na espera:
0
5
ciclo 125
2
Na espera:
0
2
ciclo 126
328572 10
2
Na espera:
0
3
